[04-06-2023 14:08:10.471] INFO: Creating new TODO with Title [New Year] and ID [1] | request #undefined
[04-06-2023 14:08:14.773] INFO: Extracting todos content. Filter: PENDING | Sorting by: TITLE | request #undefined
[04-06-2023 14:08:21.575] INFO: Update TODO id [1] state to DONE | request #1
[04-06-2023 14:08:29.509] INFO: Update TODO id [1] state to LATE | request #2
[04-06-2023 14:08:33.775] ERROR: Bad request. | request #3
[04-06-2023 14:12:13.893] INFO: Extracting todos content. Filter: LATE | Sorting by: TITLE | request #undefined
[04-06-2023 14:12:20.517] INFO: Extracting todos content. Filter: PENDING | Sorting by: TITLE | request #undefined
[04-06-2023 14:12:31.016] INFO: Extracting todos content. Filter: PENDING | Sorting by: TITLE | request #undefined
[04-06-2023 14:12:40.662] ERROR: Error: TODO with the title New Year already exists in the system | request #undefined
[04-06-2023 14:12:51.602] INFO: Extracting todos content. Filter: PENDING | Sorting by: TITLE | request #undefined
[04-06-2023 14:12:59.790] INFO: Extracting todos content. Filter: PENDING | Sorting by: TITLE | request #undefined
[04-06-2023 14:15:17.391] ERROR: Error: TODO with the title New Year already exists in the system | request #undefined
[04-06-2023 14:15:42.120] INFO: Creating new TODO with Title [Test task] and ID [2] | request #undefined
[04-06-2023 14:15:54.779] ERROR: Error: TODO with the title Test task already exists in the system | request #undefined
[04-06-2023 14:16:00.575] INFO: Creating new TODO with Title [Test task 1] and ID [3] | request #undefined
[04-06-2023 14:16:03.551] ERROR: Error: TODO with the title Test task 1 already exists in the system | request #undefined
[04-06-2023 14:16:09.814] INFO: Creating new TODO with Title [Test task 2] and ID [4] | request #undefined
[04-06-2023 14:16:20.828] INFO: Extracting todos content. Filter: ALL | Sorting by: ID | request #undefined
[04-06-2023 14:17:28.029] INFO: Extracting todos content. Filter: ALL | Sorting by: ID | request #undefined
[04-06-2023 14:17:34.483] INFO: Extracting todos content. Filter: ALL | Sorting by: ID | request #undefined
[04-06-2023 14:17:59.909] ERROR: Error: TODO with the title Test task 2 already exists in the system | request #undefined
[04-06-2023 14:18:05.430] INFO: Creating new TODO with Title [Test task 3] and ID [5] | request #undefined
[04-06-2023 14:19:21.554] INFO: Update TODO id [1] state to PENDING | request #7
[04-06-2023 14:19:29.227] INFO: Update TODO id [2] state to PENDING | request #8
[04-06-2023 14:19:34.171] INFO: Update TODO id [1] state to PENDING | request #9
[04-06-2023 14:19:43.574] INFO: Update TODO id [1] state to LATE | request #10
[04-06-2023 14:19:46.305] INFO: Update TODO id [1] state to LATE | request #11
[04-06-2023 14:19:49.705] INFO: Update TODO id [1] state to LATE | request #12
[04-06-2023 14:19:56.400] INFO: Extracting todos content. Filter: ALL | Sorting by: ID | request #undefined
[04-06-2023 14:20:05.475] INFO: Update TODO id [1] state to LATE | request #13
[04-06-2023 14:20:10.830] INFO: Removing todo id 1 | request #undefined
[04-06-2023 14:20:14.364] INFO: Extracting todos content. Filter: PENDING | Sorting by: TITLE | request #undefined
